2026-03-20 08:03:38,976 - [INFO] - Starting SQL Injection Scan on http://testphp.vulnweb.com/listproducts.php?cat=1
2026-03-20 08:03:38,976 - [INFO] - Concurrency: 5 threads, Rate Limit Delay: 0.1 seconds.
2026-03-20 08:03:38,977 - [INFO] - Scanning URL parameters for http://testphp.vulnweb.com/listproducts.php...
2026-03-20 08:03:50,479 - [ERROR] - Error checking URL parameter on http://testphp.vulnweb.com/listproducts.php: HTTPConnectionPool(host='testphp.vulnweb.com', port=80): Max retries exceeded with url: /listproducts.php?cat=11%27+OR+%271%27%3D%271 (Caused by ConnectTimeoutError(<urllib3.connection.HTTPConnection object at 0x0000018652EDF750>, 'Connection to testphp.vulnweb.com timed out. (connect timeout=10)'))
2026-03-20 08:03:50,480 - [ERROR] - Error checking URL parameter on http://testphp.vulnweb.com/listproducts.php: HTTPConnectionPool(host='testphp.vulnweb.com', port=80): Max retries exceeded with url: /listproducts.php?cat=1%27 (Caused by ConnectTimeoutError(<urllib3.connection.HTTPConnection object at 0x0000018652F20050>, 'Connection to testphp.vulnweb.com timed out. (connect timeout=10)'))
2026-03-20 08:03:50,480 - [ERROR] - Error checking URL parameter on http://testphp.vulnweb.com/listproducts.php: HTTPConnectionPool(host='testphp.vulnweb.com', port=80): Max retries exceeded with url: /listproducts.php?cat=11+OR+1%3D1 (Caused by ConnectTimeoutError(<urllib3.connection.HTTPConnection object at 0x0000018652F1E3F0>, 'Connection to testphp.vulnweb.com timed out. (connect timeout=10)'))
2026-03-20 08:03:50,480 - [ERROR] - Error checking URL parameter on http://testphp.vulnweb.com/listproducts.php: HTTPConnectionPool(host='testphp.vulnweb.com', port=80): Max retries exceeded with url: /listproducts.php?cat=1%27+or+1%3D1-- (Caused by ConnectTimeoutError(<urllib3.connection.HTTPConnection object at 0x0000018652F1E780>, 'Connection to testphp.vulnweb.com timed out. (connect timeout=10)'))
2026-03-20 08:03:50,492 - [ERROR] - Error checking URL parameter on http://testphp.vulnweb.com/listproducts.php: HTTPConnectionPool(host='testphp.vulnweb.com', port=80): Max retries exceeded with url: /listproducts.php?cat=1%22 (Caused by ConnectTimeoutError(<urllib3.connection.HTTPConnection object at 0x0000018652EDF4D0>, 'Connection to testphp.vulnweb.com timed out. (connect timeout=10)'))
2026-03-20 08:04:00,608 - [ERROR] - Error checking URL parameter on http://testphp.vulnweb.com/listproducts.php: HTTPConnectionPool(host='testphp.vulnweb.com', port=80): Max retries exceeded with url: /listproducts.php?cat=1%27+UNION+SELECT+null-- (Caused by ConnectTimeoutError(<urllib3.connection.HTTPConnection object at 0x0000018652E3DF20>, 'Connection to testphp.vulnweb.com timed out. (connect timeout=10)'))
2026-03-20 08:04:00,608 - [ERROR] - Error checking URL parameter on http://testphp.vulnweb.com/listproducts.php: HTTPConnectionPool(host='testphp.vulnweb.com', port=80): Max retries exceeded with url: /listproducts.php?cat=1admin%27+-- (Caused by ConnectTimeoutError(<urllib3.connection.HTTPConnection object at 0x0000018652E3E7A0>, 'Connection to testphp.vulnweb.com timed out. (connect timeout=10)'))
2026-03-20 08:04:00,609 - [ERROR] - Error checking URL parameter on http://testphp.vulnweb.com/listproducts.php: HTTPConnectionPool(host='testphp.vulnweb.com', port=80): Max retries exceeded with url: /listproducts.php?cat=1%22+or+1%3D1-- (Caused by ConnectTimeoutError(<urllib3.connection.HTTPConnection object at 0x0000018652F15010>, 'Connection to testphp.vulnweb.com timed out. (connect timeout=10)'))
2026-03-20 08:04:10,616 - [ERROR] - Error fetching URL http://testphp.vulnweb.com/listproducts.php?cat=1: HTTPConnectionPool(host='testphp.vulnweb.com', port=80): Max retries exceeded with url: /listproducts.php?cat=1 (Caused by ConnectTimeoutError(<urllib3.connection.HTTPConnection object at 0x0000018652E3ECF0>, 'Connection to testphp.vulnweb.com timed out. (connect timeout=10)'))
2026-03-20 08:04:10,616 - [INFO] - No forms found on http://testphp.vulnweb.com/listproducts.php?cat=1.
2026-03-20 08:04:10,617 - [INFO] - Scan finished.
2026-03-20 08:04:10,617 - [INFO] - No obvious SQL Injection vulnerabilities found on http://testphp.vulnweb.com/listproducts.php?cat=1
2026-03-20 08:12:36,671 - [INFO] - Starting SQL Injection Scan on http://testphp.vulnweb.com/listproducts.php?cat=1
2026-03-20 08:12:36,673 - [INFO] - Concurrency: 5 threads, Rate Limit Delay: 1.0 seconds.
2026-03-20 08:12:36,673 - [INFO] - Scanning URL parameters for http://testphp.vulnweb.com/listproducts.php...
2026-03-20 08:12:47,709 - [ERROR] - Error checking URL parameter on http://testphp.vulnweb.com/listproducts.php: HTTPConnectionPool(host='testphp.vulnweb.com', port=80): Max retries exceeded with url: /listproducts.php?cat=11%27+OR+%271%27%3D%271 (Caused by ConnectTimeoutError(<urllib3.connection.HTTPConnection object at 0x00000218555BF750>, 'Connection to testphp.vulnweb.com timed out. (connect timeout=10)'))
2026-03-20 08:12:47,710 - [ERROR] - Error checking URL parameter on http://testphp.vulnweb.com/listproducts.php: HTTPConnectionPool(host='testphp.vulnweb.com', port=80): Max retries exceeded with url: /listproducts.php?cat=1%27+or+1%3D1-- (Caused by ConnectTimeoutError(<urllib3.connection.HTTPConnection object at 0x00000218555BE710>, 'Connection to testphp.vulnweb.com timed out. (connect timeout=10)'))
2026-03-20 08:12:47,710 - [ERROR] - Error checking URL parameter on http://testphp.vulnweb.com/listproducts.php: HTTPConnectionPool(host='testphp.vulnweb.com', port=80): Max retries exceeded with url: /listproducts.php?cat=1%27 (Caused by ConnectTimeoutError(<urllib3.connection.HTTPConnection object at 0x00000218555F01A0>, 'Connection to testphp.vulnweb.com timed out. (connect timeout=10)'))
2026-03-20 08:12:47,711 - [ERROR] - Error checking URL parameter on http://testphp.vulnweb.com/listproducts.php: HTTPConnectionPool(host='testphp.vulnweb.com', port=80): Max retries exceeded with url: /listproducts.php?cat=11+OR+1%3D1 (Caused by ConnectTimeoutError(<urllib3.connection.HTTPConnection object at 0x00000218555FE3F0>, 'Connection to testphp.vulnweb.com timed out. (connect timeout=10)'))
2026-03-20 08:12:47,711 - [ERROR] - Error checking URL parameter on http://testphp.vulnweb.com/listproducts.php: HTTPConnectionPool(host='testphp.vulnweb.com', port=80): Max retries exceeded with url: /listproducts.php?cat=1%22 (Caused by ConnectTimeoutError(<urllib3.connection.HTTPConnection object at 0x00000218555FD810>, 'Connection to testphp.vulnweb.com timed out. (connect timeout=10)'))
2026-03-20 08:12:58,741 - [ERROR] - Error checking URL parameter on http://testphp.vulnweb.com/listproducts.php: HTTPConnectionPool(host='testphp.vulnweb.com', port=80): Max retries exceeded with url: /listproducts.php?cat=1%27+UNION+SELECT+null-- (Caused by ConnectTimeoutError(<urllib3.connection.HTTPConnection object at 0x0000021855526360>, 'Connection to testphp.vulnweb.com timed out. (connect timeout=10)'))
2026-03-20 08:12:58,742 - [ERROR] - Error checking URL parameter on http://testphp.vulnweb.com/listproducts.php: HTTPConnectionPool(host='testphp.vulnweb.com', port=80): Max retries exceeded with url: /listproducts.php?cat=1admin%27+-- (Caused by ConnectTimeoutError(<urllib3.connection.HTTPConnection object at 0x00000218555267A0>, 'Connection to testphp.vulnweb.com timed out. (connect timeout=10)'))
2026-03-20 08:12:58,742 - [ERROR] - Error checking URL parameter on http://testphp.vulnweb.com/listproducts.php: HTTPConnectionPool(host='testphp.vulnweb.com', port=80): Max retries exceeded with url: /listproducts.php?cat=1%22+or+1%3D1-- (Caused by ConnectTimeoutError(<urllib3.connection.HTTPConnection object at 0x00000218555F5130>, 'Connection to testphp.vulnweb.com timed out. (connect timeout=10)'))
2026-03-20 08:13:08,750 - [ERROR] - Error fetching URL http://testphp.vulnweb.com/listproducts.php?cat=1: HTTPConnectionPool(host='testphp.vulnweb.com', port=80): Max retries exceeded with url: /listproducts.php?cat=1 (Caused by ConnectTimeoutError(<urllib3.connection.HTTPConnection object at 0x0000021855526CF0>, 'Connection to testphp.vulnweb.com timed out. (connect timeout=10)'))
2026-03-20 08:13:08,751 - [INFO] - No forms found on http://testphp.vulnweb.com/listproducts.php?cat=1.
2026-03-20 08:13:08,751 - [INFO] - Scan finished.
2026-03-20 08:13:08,752 - [INFO] - No obvious SQL Injection vulnerabilities found on http://testphp.vulnweb.com/listproducts.php?cat=1
